Logging to file...
Dataset samples: 750
######################Training Started######################
epoch   1 | iteration    20 | Loss 0.806152 | Acc 57.14%
epoch   1 | iteration    40 | Loss 1.247076 | Acc 28.57%
epoch   1 | iteration    60 | Loss 0.736791 | Acc 71.43%
epoch   1 | iteration    80 | Loss 0.522282 | Acc 100.00%
Average Training Loss of Epoch 1: 0.894680 | Acc: 59.83%
Average Validation Loss of Epoch 1: 0.519484 | Acc: 94.67%
####################Epoch 1 Model Saved#####################
epoch   2 | iteration    20 | Loss 0.381354 | Acc 100.00%
epoch   2 | iteration    40 | Loss 0.666335 | Acc 71.43%
epoch   2 | iteration    60 | Loss 0.243504 | Acc 100.00%
epoch   2 | iteration    80 | Loss 0.255151 | Acc 100.00%
Average Training Loss of Epoch 2: 0.346391 | Acc: 95.67%
Average Validation Loss of Epoch 2: 0.207067 | Acc: 96.67%
####################Epoch 2 Model Saved#####################
epoch   3 | iteration    20 | Loss 0.141729 | Acc 100.00%
epoch   3 | iteration    40 | Loss 0.068275 | Acc 100.00%
epoch   3 | iteration    60 | Loss 0.104098 | Acc 100.00%
epoch   3 | iteration    80 | Loss 0.053082 | Acc 100.00%
Average Training Loss of Epoch 3: 0.159381 | Acc: 98.50%
Average Validation Loss of Epoch 3: 0.105064 | Acc: 99.33%
####################Epoch 3 Model Saved#####################
epoch   4 | iteration    20 | Loss 0.534458 | Acc 85.71%
epoch   4 | iteration    40 | Loss 0.099942 | Acc 100.00%
epoch   4 | iteration    60 | Loss 0.137619 | Acc 100.00%
epoch   4 | iteration    80 | Loss 0.036713 | Acc 100.00%
Average Training Loss of Epoch 4: 0.090328 | Acc: 99.67%
Average Validation Loss of Epoch 4: 0.079109 | Acc: 99.33%
####################Epoch 4 Model Saved#####################
epoch   5 | iteration    20 | Loss 0.019429 | Acc 100.00%
epoch   5 | iteration    40 | Loss 0.020895 | Acc 100.00%
epoch   5 | iteration    60 | Loss 0.033158 | Acc 100.00%
epoch   5 | iteration    80 | Loss 0.014892 | Acc 100.00%
Average Training Loss of Epoch 5: 0.078921 | Acc: 99.17%
Average Validation Loss of Epoch 5: 0.046905 | Acc: 99.33%
####################Epoch 5 Model Saved#####################
#####################Training Finished######################
